<?xml version="1.0" encoding="UTF-8"?>
<testsuite xmlns:xsi="http://www.w3.org/2001/XMLSchema-instance" xsi:noNamespaceSchemaLocation="https://maven.apache.org/surefire/maven-surefire-plugin/xsd/surefire-test-report.xsd" version="3.0.2" name="com.real.interview.service.MovieServiceTest" time="0.842" tests="2" errors="0" skipped="0" failures="0">
  <properties>
[...]
</properties>
  <testcase name="save" classname="com.real.interview.service.MovieServiceTest" time="0.766">
    <system-out><![CDATA[2025-05-02T23:51:40.087+05:30  INFO 26195 --- [java-backend-interview] [           main] t.c.s.AnnotationConfigContextLoaderUtils : Could not detect default configuration classes for test class [com.real.interview.service.MovieServiceTest]: MovieServiceTest does not declare any static, non-private, non-final, nested classes annotated with @Configuration.
2025-05-02T23:51:40.119+05:30  INFO 26195 --- [java-backend-interview] [           main] .b.t.c.SpringBootTestContextBootstrapper : Found @SpringBootConfiguration com.real.interview.JavaBackendInterviewApplication for test class com.real.interview.service.MovieServiceTest
2025-05-02T23:51:40.152+05:30  INFO 26195 --- [java-backend-interview] [           main] c.real.interview.service.MovieService    : Saving movie with name ddlj in DB.
]]></system-out>
  </testcase>
  <testcase name="getMovies" classname="com.real.interview.service.MovieServiceTest" time="0.022"/>
</testsuite>